Flow report for divideFrequency
Sun Nov 27 10:32:26 2022
Quartus Prime Version 21.1.1 Build 850 06/23/2022 SJ Lite Edition


---------------------
; Table of Contents ;
---------------------
  1. Legal Notice
  2. Flow Summary
  3. Flow Settings
  4. Flow Non-Default Global Settings
  5. Flow Elapsed Time
  6. Flow OS Summary
  7. Flow Log
  8. Flow Messages
  9. Flow Suppressed Messages



----------------
; Legal Notice ;
----------------
Copyright (C) 2022  Intel Corporation. All rights reserved.
Your use of Intel Corporation's design tools, logic functions 
and other software and tools, and any partner logic 
functions, and any output files from any of the foregoing 
(including device programming or simulation files), and any 
associated documentation or information are expressly subject 
to the terms and conditions of the Intel Program License 
Subscription Agreement, the Intel Quartus Prime License Agreement,
the Intel FPGA IP License Agreement, or other applicable license
agreement, including, without limitation, that your use is for
the sole purpose of programming logic devices manufactured by
Intel and sold by Intel or its authorized distributors.  Please
refer to the applicable agreement for further details, at
https://fpgasoftware.intel.com/eula.



+----------------------------------------------------------------------------------+
; Flow Summary                                                                     ;
+------------------------------------+---------------------------------------------+
; Flow Status                        ; Successful - Sun Nov 27 10:32:23 2022       ;
; Quartus Prime Version              ; 21.1.1 Build 850 06/23/2022 SJ Lite Edition ;
; Revision Name                      ; divideFrequency                             ;
; Top-level Entity Name              ; DE10_LITE_Golden_Top                        ;
; Family                             ; MAX 10                                      ;
; Device                             ; 10M02SCM153I7G                              ;
; Timing Models                      ; Final                                       ;
; Total logic elements               ; 1 / 2,304 ( < 1 % )                         ;
;     Total combinational functions  ; 1 / 2,304 ( < 1 % )                         ;
;     Dedicated logic registers      ; 0 / 2,304 ( 0 % )                           ;
; Total registers                    ; 0                                           ;
; Total pins                         ; 38 / 112 ( 34 % )                           ;
; Total virtual pins                 ; 0                                           ;
; Total memory bits                  ; 0 / 110,592 ( 0 % )                         ;
; Embedded Multiplier 9-bit elements ; 0 / 32 ( 0 % )                              ;
; Total PLLs                         ; 0 / 1 ( 0 % )                               ;
; UFM blocks                         ; 0 / 1 ( 0 % )                               ;
; ADC blocks                         ; 0                                           ;
+------------------------------------+---------------------------------------------+


+-----------------------------------------+
; Flow Settings                           ;
+-------------------+---------------------+
; Option            ; Setting             ;
+-------------------+---------------------+
; Start date & time ; 11/27/2022 10:31:57 ;
; Main task         ; Compilation         ;
; Revision Name     ; divideFrequency     ;
+-------------------+---------------------+


+------------------------------------------------------------------------------------------------------------------------------------+
; Flow Non-Default Global Settings                                                                                                   ;
+-------------------------------------+----------------------------------------+-----------------+----------------------+------------+
; Assignment Name                     ; Value                                  ; Default Value   ; Entity Name          ; Section Id ;
+-------------------------------------+----------------------------------------+-----------------+----------------------+------------+
; COMPILER_SIGNATURE_ID               ; 277302802029563.166951631702984        ; --              ; --                   ; --         ;
; FLOW_ENABLE_POWER_ANALYZER          ; On                                     ; Off             ; --                   ; --         ;
; MAX_CORE_JUNCTION_TEMP              ; 100                                    ; --              ; --                   ; --         ;
; MIN_CORE_JUNCTION_TEMP              ; -40                                    ; --              ; --                   ; --         ;
; PARTITION_COLOR                     ; -- (Not supported for targeted family) ; --              ; DE10_LITE_Golden_Top ; Top        ;
; PARTITION_FITTER_PRESERVATION_LEVEL ; -- (Not supported for targeted family) ; --              ; DE10_LITE_Golden_Top ; Top        ;
; PARTITION_NETLIST_TYPE              ; -- (Not supported for targeted family) ; --              ; DE10_LITE_Golden_Top ; Top        ;
; POWER_BOARD_THERMAL_MODEL           ; None (CONSERVATIVE)                    ; --              ; --                   ; --         ;
; POWER_DEFAULT_INPUT_IO_TOGGLE_RATE  ; 12.5 %                                 ; 12.5%           ; --                   ; --         ;
; POWER_PRESET_COOLING_SOLUTION       ; 23 MM HEAT SINK WITH 200 LFPM AIRFLOW  ; --              ; --                   ; --         ;
; PROJECT_OUTPUT_DIRECTORY            ; output_files                           ; --              ; --                   ; --         ;
; TOP_LEVEL_ENTITY                    ; DE10_LITE_Golden_Top                   ; divideFrequency ; --                   ; --         ;
+-------------------------------------+----------------------------------------+-----------------+----------------------+------------+


+--------------------------------------------------------------------------------------------------------------------------+
; Flow Elapsed Time                                                                                                        ;
+----------------------+--------------+-------------------------+---------------------+------------------------------------+
; Module Name          ; Elapsed Time ; Average Processors Used ; Peak Virtual Memory ; Total CPU Time (on all processors) ;
+----------------------+--------------+-------------------------+---------------------+------------------------------------+
; Analysis & Synthesis ; 00:00:11     ; 1.0                     ; 4748 MB             ; 00:00:11                           ;
; Fitter               ; 00:00:04     ; 1.1                     ; 6509 MB             ; 00:00:02                           ;
; Assembler            ; 00:00:01     ; 1.0                     ; 4713 MB             ; 00:00:00                           ;
; Power Analyzer       ; 00:00:02     ; 1.1                     ; 4952 MB             ; 00:00:01                           ;
; Timing Analyzer      ; 00:00:02     ; 1.1                     ; 4899 MB             ; 00:00:02                           ;
; Total                ; 00:00:20     ; --                      ; --                  ; 00:00:16                           ;
+----------------------+--------------+-------------------------+---------------------+------------------------------------+


+------------------------------------------------------------------------------------+
; Flow OS Summary                                                                    ;
+----------------------+------------------+------------+------------+----------------+
; Module Name          ; Machine Hostname ; OS Name    ; OS Version ; Processor type ;
+----------------------+------------------+------------+------------+----------------+
; Analysis & Synthesis ; DESKTOP-NS12ACK  ; Windows 10 ; 10.0       ; x86_64         ;
; Fitter               ; DESKTOP-NS12ACK  ; Windows 10 ; 10.0       ; x86_64         ;
; Assembler            ; DESKTOP-NS12ACK  ; Windows 10 ; 10.0       ; x86_64         ;
; Power Analyzer       ; DESKTOP-NS12ACK  ; Windows 10 ; 10.0       ; x86_64         ;
; Timing Analyzer      ; DESKTOP-NS12ACK  ; Windows 10 ; 10.0       ; x86_64         ;
+----------------------+------------------+------------+------------+----------------+


------------
; Flow Log ;
------------
quartus_map --read_settings_files=on --write_settings_files=off divideFrequency -c divideFrequency
quartus_fit --read_settings_files=off --write_settings_files=off divideFrequency -c divideFrequency
quartus_asm --read_settings_files=off --write_settings_files=off divideFrequency -c divideFrequency
quartus_pow --read_settings_files=off --write_settings_files=off divideFrequency -c divideFrequency
quartus_sta divideFrequency -c divideFrequency



